<?xml version="1.0" encoding="UTF-8"?>
<testng-results ignored="0" total="1" passed="1" failed="0" skipped="0">
  <reporter-output>
  </reporter-output>
  <suite started-at="2024-11-27T12:21:53 IST" name="Default suite" finished-at="2024-11-27T12:22:01 IST" duration-ms="7584">
    <groups>
    </groups>
    <test started-at="2024-11-27T12:21:53 IST" name="Default test" finished-at="2024-11-27T12:22:01 IST" duration-ms="7584">
      <class name="test.Homepage">
        <test-method signature="testfitpeo()[pri:0, instance:test.Homepage@7db12bb6]" started-at="2024-11-27T12:21:53 IST" name="testfitpeo" finished-at="2024-11-27T12:22:01 IST" duration-ms="7545" status="PASS">
          <reporter-output>
          </reporter-output>
        </test-method> <!-- testfitpeo -->
      </class> <!-- test.Homepage -->
    </test> <!-- Default test -->
  </suite> <!-- Default suite -->
</testng-results>
